2021-11-26 21:13:10,535 INFO  [log] sdsad 
2021-11-26 21:13:17,614 INFO  [log] Hakkımızda 
2021-11-26 21:13:28,205 INFO  [log] AMD Ryzen 3 2200G 3.5GHz, 8GB DDR4 Ram, 240GB SSD Oyun Bilgisayarı(WİFİ HEDİYELİ) 
2021-11-26 21:13:28,228 INFO  [log] 5.707,41 TL 
2021-11-26 21:13:30,255 INFO  [log] Paranız %100 GittiGidiyor Güvencesi Altındadır. 
2021-11-26 21:30:35,183 INFO  [log] sdsad 
2021-11-26 21:30:42,233 INFO  [log] Hakkımızda 
2021-11-26 21:31:55,373 INFO  [log] sdsad 
2021-11-26 21:32:02,462 INFO  [log] Hakkımızda 
2021-11-26 21:32:52,591 INFO  [log] sdsad 
2021-11-26 21:32:59,678 INFO  [log] Hakkımızda 
2021-11-26 21:33:10,206 INFO  [log] AMD Ryzen 3 2200G 3.5GHz, 8GB DDR4 Ram, 240GB SSD Oyun Bilgisayarı(WİFİ HEDİYELİ) 
2021-11-26 21:33:10,229 INFO  [log] 5.707,41 TL 
2021-11-26 21:33:12,260 INFO  [log] Paranız %100 GittiGidiyor Güvencesi Altındadır. 
2021-11-26 21:38:20,784 INFO  [log] sdsad 
2021-11-26 21:51:47,551 INFO  [log] sdsad 
2021-11-26 21:51:54,702 INFO  [log] Hakkımızda 
2021-11-26 23:24:25,383 INFO  [log] sdsad 
2021-11-26 23:24:32,512 INFO  [log] Hakkımızda 
2021-11-26 23:25:03,868 INFO  [log] sdsad 
2021-11-26 23:25:10,969 INFO  [log] Hakkımızda 
2021-11-26 23:27:04,208 INFO  [log] sdsad 
2021-11-26 23:27:11,305 INFO  [log] Hakkımızda 
2021-11-26 23:28:17,137 INFO  [log] sdsad 
2021-11-26 23:28:24,238 INFO  [log] Hakkımızda 
2021-11-26 23:29:40,471 INFO  [log] sdsad 
2021-11-26 23:29:47,598 INFO  [log] Hakkımızda 
2021-11-26 23:30:43,560 INFO  [log] elemet geldi[[ChromeDriver: chrome on MAC (1d003a17490d87e1c03b17fc043e629b)] -> css selector: [class='qjixn8-0 sc-1bydi5r-0 dGNqQc pXiHf sc-1n49x8z-3 bhXnM']] 
2021-11-26 23:37:08,181 INFO  [log] sdsad 
2021-11-26 23:37:15,280 INFO  [log] Hakkımızda 
2021-11-26 23:37:49,428 INFO  [log] elemet geldi[[ChromeDriver: chrome on MAC (ae911c0a61aa62212838b6ab2be85859)] -> css selector: [class='qjixn8-0 sc-1bydi5r-0 dGNqQc pXiHf sc-1n49x8z-3 bhXnM']] 
2021-11-26 23:39:46,681 INFO  [log] sdsad 
2021-11-26 23:39:53,780 INFO  [log] Hakkımızda 
2021-11-26 23:40:07,393 INFO  [log] elemet geldi[[ChromeDriver: chrome on MAC (9ad4cb627fa5f72dd3778c86156e76e5)] -> css selector: [class='qjixn8-0 sc-1bydi5r-0 dGNqQc pXiHf sc-1n49x8z-3 bhXnM']] 
2021-11-26 23:43:25,728 INFO  [log] sdsad 
2021-11-26 23:43:32,868 INFO  [log] Hakkımızda 
2021-11-26 23:43:33,662 INFO  [log] ilk ürün sepete ekle butonu görüldü[[ChromeDriver: chrome on MAC (7cce1067beedbf05d06d7579081ad9bf)] -> css selector: [class='sc-533kbx-0 sc-1v2q8t1-0 iCRwxx ixSZpI sc-1n49x8z-12 bhlHZl']] 
2021-11-26 23:43:56,632 INFO  [log] elemet geldi[[ChromeDriver: chrome on MAC (7cce1067beedbf05d06d7579081ad9bf)] -> css selector: [class='qjixn8-0 sc-1bydi5r-0 dGNqQc pXiHf sc-1n49x8z-3 bhXnM']] 
2021-11-26 23:43:56,961 INFO  [log] sepete ürün eklendi. 
2021-11-26 23:44:41,135 INFO  [log] sdsad 
2021-11-26 23:44:48,236 INFO  [log] Hakkımızda 
2021-11-26 23:45:04,205 INFO  [log] sdsad 
2021-11-26 23:45:11,315 INFO  [log] Hakkımızda 
2021-11-26 23:45:12,124 INFO  [log] ilk ürün sepete ekle butonu görüldü[[ChromeDriver: chrome on MAC (b012443151185b1b8dbbf5670dbfd956)] -> css selector: [class='sc-533kbx-0 sc-1v2q8t1-0 iCRwxx ixSZpI sc-1n49x8z-12 bhlHZl']] 
2021-11-26 23:45:44,373 INFO  [log] elemet geldi[[ChromeDriver: chrome on MAC (b012443151185b1b8dbbf5670dbfd956)] -> css selector: [class='qjixn8-0 sc-1bydi5r-0 dGNqQc pXiHf sc-1n49x8z-3 bhXnM']] 
2021-11-26 23:45:44,746 INFO  [log] sepete ürün eklendi. 
2021-11-26 23:51:30,763 INFO  [log] sdsad 
2021-11-26 23:51:37,862 INFO  [log] Hakkımızda 
2021-11-26 23:51:38,561 INFO  [log] 2.sayfa tıklanır. 
2021-11-26 23:52:30,677 INFO  [log] sepete ürün eklendi. 
2021-11-26 23:53:31,977 INFO  [log] sdsad 
2021-11-26 23:53:39,072 INFO  [log] Hakkımızda 
2021-11-26 23:53:39,833 INFO  [log] 2.sayfa tıklanır. 
2021-11-26 23:58:27,686 INFO  [log] sdsad 
2021-11-26 23:58:34,790 INFO  [log] Hakkımızda 
2021-11-26 23:58:35,544 INFO  [log] 2.sayfa tıklanır. 
2021-11-26 23:59:44,716 INFO  [log] sdsad 
2021-11-26 23:59:51,819 INFO  [log] Hakkımızda 
2021-11-27 00:00:14,669 INFO  [log] sdsad 
2021-11-27 00:00:21,768 INFO  [log] Hakkımızda 
2021-11-27 00:00:22,486 INFO  [log] 2.sayfa tıklanır. 
2021-11-27 00:01:57,813 INFO  [log] sdsad 
2021-11-27 00:02:04,909 INFO  [log] Hakkımızda 
2021-11-27 00:02:05,630 INFO  [log] 2.sayfa tıklanır. 
2021-11-27 00:02:41,295 INFO  [log] sdsad 
2021-11-27 00:02:48,395 INFO  [log] Hakkımızda 
2021-11-27 00:02:49,110 INFO  [log] 2.sayfa tıklanır. 
2021-11-27 00:03:18,434 INFO  [log] sepete ürün eklendi. 
2021-11-27 00:04:24,275 INFO  [log] sdsad 
2021-11-27 00:04:31,375 INFO  [log] Hakkımızda 
2021-11-27 00:04:32,067 INFO  [log] 2.sayfa tıklanır. 
2021-11-27 00:05:30,653 INFO  [log] sepete ürün eklendi. 
2021-11-27 00:05:32,769 INFO  [log] AMD Ryzen 3 2200G 3.5GHz, 8GB DDR4 Ram, 240GB SSD Oyun Bilgisayarı(WİFİ HEDİYELİ) 
2021-11-27 00:05:32,850 INFO  [log] 5.707,41 TL 
2021-11-27 00:05:34,874 INFO  [log] Paranız %100 GittiGidiyor Güvencesi Altındadır. 
2021-11-27 00:08:15,794 INFO  [log] sdsad 
2021-11-27 00:08:22,893 INFO  [log] Hakkımızda 
2021-11-27 00:08:23,593 INFO  [log] 2.sayfa tıklanır. 
2021-11-27 00:08:27,648 INFO  [log] sepete ürün eklendi. 
2021-11-27 00:08:29,678 INFO  [log] AMD Ryzen 3 2200G 3.5GHz, 8GB DDR4 Ram, 240GB SSD Oyun Bilgisayarı(WİFİ HEDİYELİ) 
2021-11-27 00:08:29,701 INFO  [log] 5.707,41 TL 
2021-11-27 00:08:31,732 INFO  [log] Paranız %100 GittiGidiyor Güvencesi Altındadır. 
2021-11-27 00:09:39,333 INFO  [log] sdsad 
2021-11-27 00:09:46,441 INFO  [log] Hakkımızda 
2021-11-27 00:09:47,171 INFO  [log] 2.sayfa tıklanır. 
2021-11-27 00:09:59,902 INFO  [log] sepete ürün eklendi. 
2021-11-27 00:10:01,930 INFO  [log] AMD Ryzen 3 2200G 3.5GHz, 8GB DDR4 Ram, 240GB SSD Oyun Bilgisayarı(WİFİ HEDİYELİ) 
2021-11-27 00:10:01,953 INFO  [log] 5.707,41 TL 
2021-11-27 00:10:03,984 INFO  [log] Paranız %100 GittiGidiyor Güvencesi Altındadır. 
2021-11-27 00:12:45,807 INFO  [log] sdsad 
2021-11-27 00:12:52,932 INFO  [log] Hakkımızda 
2021-11-27 00:12:53,645 INFO  [log] 2.sayfa tıklanır. 
2021-11-27 00:13:01,551 INFO  [log] sepete ürün eklendi. 
2021-11-27 00:13:03,612 INFO  [log] AMD Ryzen 3 2200G 3.5GHz, 8GB DDR4 Ram, 240GB SSD Oyun Bilgisayarı(WİFİ HEDİYELİ) 
2021-11-27 00:13:03,634 INFO  [log] 5.707,41 TL 
2021-11-27 00:13:05,663 INFO  [log] Paranız %100 GittiGidiyor Güvencesi Altındadır. 
2021-11-27 00:13:05,834 INFO  [log] Sepete ekle tıklandı. 
2021-11-27 00:17:56,881 INFO  [log] sdsad 
2021-11-27 00:18:03,978 INFO  [log] Hakkımızda 
2021-11-27 00:18:04,704 INFO  [log] 2.sayfa tıklanır. 
2021-11-27 00:18:08,640 INFO  [log] sepete ürün eklendi. 
2021-11-27 00:18:10,671 INFO  [log] AMD Ryzen 3 2200G 3.5GHz, 8GB DDR4 Ram, 240GB SSD Oyun Bilgisayarı(WİFİ HEDİYELİ) 
2021-11-27 00:18:10,693 INFO  [log] 5.707,41 TL 
2021-11-27 00:18:12,725 INFO  [log] Paranız %100 GittiGidiyor Güvencesi Altındadır. 
2021-11-27 00:19:18,790 INFO  [log] sdsad 
2021-11-27 00:19:25,891 INFO  [log] Hakkımızda 
2021-11-27 00:19:26,620 INFO  [log] 2.sayfa tıklanır. 
2021-11-27 00:19:30,374 INFO  [log] sepete ürün eklendi. 
2021-11-27 00:19:32,402 INFO  [log] AMD Ryzen 3 2200G 3.5GHz, 8GB DDR4 Ram, 240GB SSD Oyun Bilgisayarı(WİFİ HEDİYELİ) 
2021-11-27 00:19:32,424 INFO  [log] 5.707,41 TL 
2021-11-27 00:19:34,453 INFO  [log] Paranız %100 GittiGidiyor Güvencesi Altındadır. 
2021-11-27 00:19:34,660 INFO  [log] Sepete ekle tıklandı. 
2021-11-27 00:21:29,998 INFO  [log] sdsad 
2021-11-27 00:21:37,102 INFO  [log] Hakkımızda 
2021-11-27 00:21:37,815 INFO  [log] 2.sayfa tıklanır. 
2021-11-27 00:21:41,837 INFO  [log] sepete ürün eklendi. 
2021-11-27 00:21:43,863 INFO  [log] AMD Ryzen 3 2200G 3.5GHz, 8GB DDR4 Ram, 240GB SSD Oyun Bilgisayarı(WİFİ HEDİYELİ) 
2021-11-27 00:21:43,884 INFO  [log] 5.707,41 TL 
2021-11-27 00:21:45,914 INFO  [log] Paranız %100 GittiGidiyor Güvencesi Altındadır. 
2021-11-27 00:21:46,247 INFO  [log] Sepete ekle tıklandı. 
2021-11-27 00:22:37,170 INFO  [log] sdsad 
2021-11-27 00:22:44,273 INFO  [log] Hakkımızda 
2021-11-27 00:22:44,994 INFO  [log] 2.sayfa tıklanır. 
2021-11-27 00:22:48,663 INFO  [log] sepete ürün eklendi. 
2021-11-27 00:22:50,695 INFO  [log] AMD Ryzen 3 2200G 3.5GHz, 8GB DDR4 Ram, 240GB SSD Oyun Bilgisayarı(WİFİ HEDİYELİ) 
2021-11-27 00:22:50,720 INFO  [log] 5.707,41 TL 
2021-11-27 00:22:52,748 INFO  [log] Paranız %100 GittiGidiyor Güvencesi Altındadır. 
2021-11-27 00:24:03,630 INFO  [log] sdsad 
2021-11-27 00:24:10,723 INFO  [log] Hakkımızda 
2021-11-27 00:24:11,419 INFO  [log] 2.sayfa tıklanır. 
2021-11-27 00:24:15,151 INFO  [log] sepete ürün eklendi. 
2021-11-27 00:24:17,179 INFO  [log] AMD Ryzen 3 2200G 3.5GHz, 8GB DDR4 Ram, 240GB SSD Oyun Bilgisayarı(WİFİ HEDİYELİ) 
2021-11-27 00:24:17,201 INFO  [log] 5.707,41 TL 
2021-11-27 00:24:19,233 INFO  [log] Paranız %100 GittiGidiyor Güvencesi Altındadır. 
2021-11-27 00:24:19,571 INFO  [log] Sepete ekle tıklandı. 
2021-11-27 00:24:19,759 INFO  [log] Sepete ekle tıklandı. 
2021-11-27 00:25:35,821 INFO  [log] sdsad 
2021-11-27 00:25:42,933 INFO  [log] Hakkımızda 
2021-11-27 00:25:43,635 INFO  [log] 2.sayfa tıklanır. 
2021-11-27 00:25:47,594 INFO  [log] sepete ürün eklendi. 
2021-11-27 00:25:49,622 INFO  [log] AMD Ryzen 3 2200G 3.5GHz, 8GB DDR4 Ram, 240GB SSD Oyun Bilgisayarı(WİFİ HEDİYELİ) 
2021-11-27 00:25:49,644 INFO  [log] 5.707,41 TL 
2021-11-27 00:25:51,675 INFO  [log] Paranız %100 GittiGidiyor Güvencesi Altındadır. 
2021-11-27 00:25:52,019 INFO  [log] Çerezler popup kapatıldı. 
2021-11-27 00:30:07,191 INFO  [log] sdsad 
2021-11-27 00:30:14,297 INFO  [log] Hakkımızda 
2021-11-27 00:30:15,017 INFO  [log] 2.sayfa tıklanır. 
2021-11-27 00:30:18,720 INFO  [log] sepete ürün eklendi. 
2021-11-27 00:30:20,753 INFO  [log] AMD Ryzen 3 2200G 3.5GHz, 8GB DDR4 Ram, 240GB SSD Oyun Bilgisayarı(WİFİ HEDİYELİ) 
2021-11-27 00:30:20,775 INFO  [log] 5.707,41 TL 
2021-11-27 00:30:22,805 INFO  [log] Paranız %100 GittiGidiyor Güvencesi Altındadır. 
2021-11-27 00:30:23,117 INFO  [log] Çerezler popup kapatıldı. 
2021-11-27 00:30:23,184 INFO  [log] sepete eklendi 
2021-11-27 00:31:13,911 INFO  [log] sdsad 
2021-11-27 00:31:21,032 INFO  [log] Hakkımızda 
2021-11-27 00:31:21,761 INFO  [log] 2.sayfa tıklanır. 
2021-11-27 00:31:25,864 INFO  [log] sepete ürün eklendi. 
2021-11-27 00:31:27,897 INFO  [log] AMD Ryzen 3 2200G 3.5GHz, 8GB DDR4 Ram, 240GB SSD Oyun Bilgisayarı(WİFİ HEDİYELİ) 
2021-11-27 00:31:27,920 INFO  [log] 5.707,41 TL 
2021-11-27 00:31:29,950 INFO  [log] Paranız %100 GittiGidiyor Güvencesi Altındadır. 
2021-11-27 00:31:30,284 INFO  [log] Çerezler popup kapatıldı. 
2021-11-27 00:31:30,352 INFO  [log] sepete eklendi 
2021-11-27 00:32:18,192 INFO  [log] sdsad 
2021-11-27 00:32:25,319 INFO  [log] Hakkımızda 
2021-11-27 00:32:26,043 INFO  [log] 2.sayfa tıklanır. 
2021-11-27 00:32:29,752 INFO  [log] sepete ürün eklendi. 
2021-11-27 00:32:31,779 INFO  [log] AMD Ryzen 3 2200G 3.5GHz, 8GB DDR4 Ram, 240GB SSD Oyun Bilgisayarı(WİFİ HEDİYELİ) 
2021-11-27 00:32:31,802 INFO  [log] 5.707,41 TL 
2021-11-27 00:32:33,829 INFO  [log] Paranız %100 GittiGidiyor Güvencesi Altındadır. 
2021-11-27 00:32:34,173 INFO  [log] Çerezler popup kapatıldı. 
2021-11-27 00:32:34,241 INFO  [log] sepete eklendi 
2021-11-27 00:34:55,991 INFO  [log] sdsad 
2021-11-27 00:35:03,115 INFO  [log] Hakkımızda 
2021-11-27 00:35:03,812 INFO  [log] 2.sayfa tıklanır. 
2021-11-27 00:35:07,504 INFO  [log] sepete ürün eklendi. 
2021-11-27 00:35:09,531 INFO  [log] AMD Ryzen 3 2200G 3.5GHz, 8GB DDR4 Ram, 240GB SSD Oyun Bilgisayarı(WİFİ HEDİYELİ) 
2021-11-27 00:35:09,554 INFO  [log] 5.707,41 TL 
2021-11-27 00:35:11,585 INFO  [log] Paranız %100 GittiGidiyor Güvencesi Altındadır. 
2021-11-27 00:35:11,925 INFO  [log] Çerezler popup kapatıldı. 
2021-11-27 00:35:11,994 INFO  [log] sepete eklendi 
2021-11-27 00:36:56,545 INFO  [log] sdsad 
2021-11-27 00:37:03,644 INFO  [log] Hakkımızda 
2021-11-27 00:37:04,352 INFO  [log] 2.sayfa tıklanır. 
2021-11-27 00:37:08,068 INFO  [log] sepete ürün eklendi. 
2021-11-27 00:37:10,092 INFO  [log] AMD Ryzen 3 2200G 3.5GHz, 8GB DDR4 Ram, 240GB SSD Oyun Bilgisayarı(WİFİ HEDİYELİ) 
2021-11-27 00:37:10,112 INFO  [log] 5.707,41 TL 
2021-11-27 00:37:12,142 INFO  [log] Paranız %100 GittiGidiyor Güvencesi Altındadır. 
2021-11-27 00:37:12,479 INFO  [log] Çerezler popup kapatıldı. 
2021-11-27 00:37:12,545 INFO  [log] sepete eklendi 
2021-11-27 00:37:14,557 INFO  [log] sepetim tıklandı 
2021-11-27 00:37:15,757 INFO  [log] sepete git tıklandı 
2021-11-27 01:01:29,364 INFO  [log] sdsad 
2021-11-27 01:01:36,465 INFO  [log] Hakkımızda 
2021-11-27 01:01:37,206 INFO  [log] 2.sayfa tıklanır. 
2021-11-27 01:01:41,261 INFO  [log] sepete ürün eklendi. 
2021-11-27 01:01:43,604 INFO  [log] Çerezler popup kapatıldı. 
2021-11-27 01:01:43,680 INFO  [log] sepete eklendi 
2021-11-27 01:01:45,697 INFO  [log] sepetim tolltip açıldı 
2021-11-27 01:01:47,082 INFO  [log] sepete git tıklandı 
2021-11-27 01:01:47,220 INFO  [log] 5.707,41 TL 
2021-11-27 01:08:16,640 INFO  [log] sdsad 
2021-11-27 01:08:23,767 INFO  [log] Hakkımızda 
2021-11-27 01:08:24,516 INFO  [log] 2.sayfa tıklanır. 
2021-11-27 01:08:28,488 INFO  [log] sepete ürün eklendi. 
2021-11-27 01:08:30,518 INFO  [log] 5.707,41 TL 
2021-11-27 01:08:30,542 INFO  [log] AMD Ryzen 3 2200G 3.5GHz, 8GB DDR4 Ram, 240GB SSD Oyun Bilgisayarı(WİFİ HEDİYELİ) 
2021-11-27 01:08:32,569 INFO  [log] Paranız %100 GittiGidiyor Güvencesi Altındadır. 
2021-11-27 01:08:32,887 INFO  [log] Çerezler popup kapatıldı. 
2021-11-27 01:08:32,960 INFO  [log] sepete eklendi 
2021-11-27 01:08:34,971 INFO  [log] sepetim tolltip açıldı 
2021-11-27 01:08:36,307 INFO  [log] sepete git tıklandı 
2021-11-27 01:11:32,999 INFO  [log] sdsad 
2021-11-27 01:11:40,097 INFO  [log] Hakkımızda 
2021-11-27 01:11:40,881 INFO  [log] 2.sayfa tıklanır. 
2021-11-27 01:11:45,244 INFO  [log] sepete ürün eklendi. 
2021-11-27 01:11:47,271 INFO  [log] 5.707,41 TL 
2021-11-27 01:11:47,295 INFO  [log] AMD Ryzen 3 2200G 3.5GHz, 8GB DDR4 Ram, 240GB SSD Oyun Bilgisayarı(WİFİ HEDİYELİ) 
2021-11-27 01:11:49,324 INFO  [log] Paranız %100 GittiGidiyor Güvencesi Altındadır. 
2021-11-27 01:11:49,653 INFO  [log] Çerezler popup kapatıldı. 
2021-11-27 01:11:49,728 INFO  [log] sepete eklendi 
2021-11-27 01:11:51,743 INFO  [log] sepetim tolltip açıldı 
2021-11-27 01:11:53,642 INFO  [log] sepete git tıklandı 
2021-11-27 01:11:53,788 INFO  [log] 5.707,41 TL 
2021-11-27 01:13:10,893 INFO  [log] sdsad 
2021-11-27 01:13:17,991 INFO  [log] Hakkımızda 
2021-11-27 01:13:18,769 INFO  [log] 2.sayfa tıklanır. 
2021-11-27 01:13:22,535 INFO  [log] sepete ürün eklendi. 
2021-11-27 01:13:24,565 INFO  [log] 5.707,41 TL 
2021-11-27 01:13:24,589 INFO  [log] AMD Ryzen 3 2200G 3.5GHz, 8GB DDR4 Ram, 240GB SSD Oyun Bilgisayarı(WİFİ HEDİYELİ) 
2021-11-27 01:13:26,621 INFO  [log] Paranız %100 GittiGidiyor Güvencesi Altındadır. 
2021-11-27 01:13:26,957 INFO  [log] Çerezler popup kapatıldı. 
2021-11-27 01:13:27,029 INFO  [log] sepete eklendi 
2021-11-27 01:13:29,044 INFO  [log] sepetim tolltip açıldı 
2021-11-27 01:13:30,359 INFO  [log] sepete git tıklandı 
2021-11-27 01:13:30,464 INFO  [log] 5.707,41 TL 
2021-11-27 01:15:00,101 INFO  [log] sdsad 
2021-11-27 01:15:07,214 INFO  [log] Hakkımızda 
2021-11-27 01:15:07,979 INFO  [log] 2.sayfa tıklanır. 
2021-11-27 01:15:11,598 INFO  [log] sepete ürün eklendi. 
2021-11-27 01:15:13,626 INFO  [log] 5.707,41 TL 
2021-11-27 01:15:13,649 INFO  [log] AMD Ryzen 3 2200G 3.5GHz, 8GB DDR4 Ram, 240GB SSD Oyun Bilgisayarı(WİFİ HEDİYELİ) 
2021-11-27 01:15:15,675 INFO  [log] Paranız %100 GittiGidiyor Güvencesi Altındadır. 
2021-11-27 01:15:15,988 INFO  [log] Çerezler popup kapatıldı. 
2021-11-27 01:15:16,057 INFO  [log] sepete eklendi 
2021-11-27 01:15:18,075 INFO  [log] sepetim tolltip açıldı 
2021-11-27 01:15:19,498 INFO  [log] sepete git tıklandı 
2021-11-27 01:15:19,604 INFO  [log] 5.707,41 TL 
2021-11-27 01:16:30,522 INFO  [log] sdsad 
2021-11-27 01:16:37,654 INFO  [log] Hakkımızda 
2021-11-27 01:16:38,407 INFO  [log] 2.sayfa tıklanır. 
2021-11-27 01:16:42,023 INFO  [log] sepete ürün eklendi. 
2021-11-27 01:16:44,051 INFO  [log] 5.707,41 TL 
2021-11-27 01:16:44,074 INFO  [log] AMD Ryzen 3 2200G 3.5GHz, 8GB DDR4 Ram, 240GB SSD Oyun Bilgisayarı(WİFİ HEDİYELİ) 
2021-11-27 01:16:46,104 INFO  [log] Paranız %100 GittiGidiyor Güvencesi Altındadır. 
2021-11-27 01:16:46,438 INFO  [log] Çerezler popup kapatıldı. 
2021-11-27 01:16:46,507 INFO  [log] sepete eklendi 
2021-11-27 01:16:48,525 INFO  [log] sepetim tolltip açıldı 
2021-11-27 01:16:49,867 INFO  [log] sepete git tıklandı 
2021-11-27 01:16:50,000 INFO  [log] 5.707,41 TL 
2021-11-27 01:20:03,777 INFO  [log] sdsad 
2021-11-27 01:20:10,909 INFO  [log] Hakkımızda 
2021-11-27 01:20:11,635 INFO  [log] 2.sayfa tıklanır. 
2021-11-27 01:20:16,054 INFO  [log] sepete ürün eklendi. 
2021-11-27 01:20:18,084 INFO  [log] 5.707,41 TL 
2021-11-27 01:20:18,106 INFO  [log] AMD Ryzen 3 2200G 3.5GHz, 8GB DDR4 Ram, 240GB SSD Oyun Bilgisayarı(WİFİ HEDİYELİ) 
2021-11-27 01:20:20,135 INFO  [log] Paranız %100 GittiGidiyor Güvencesi Altındadır. 
2021-11-27 01:20:20,469 INFO  [log] Çerezler popup kapatıldı. 
2021-11-27 01:20:20,534 INFO  [log] sepete eklendi 
2021-11-27 01:20:22,546 INFO  [log] sepetim tolltip açıldı 
2021-11-27 01:20:23,958 INFO  [log] sepete git tıklandı 
2021-11-27 01:20:24,092 INFO  [log] 5.707,41 TL 
2021-11-27 01:20:24,092 INFO  [log] Ürün fiyatı: 5.707,41 TLsepetteki fiyatı: 5.707,41 TLkontrol başarılı 
2021-11-27 01:23:49,471 INFO  [log] sdsad 
2021-11-27 01:23:56,570 INFO  [log] Hakkımızda 
2021-11-27 01:23:57,278 INFO  [log] 2.sayfa tıklanır. 
2021-11-27 01:24:01,472 INFO  [log] sepete ürün eklendi. 
2021-11-27 01:24:03,502 INFO  [log] 5.707,41 TL 
2021-11-27 01:24:03,529 INFO  [log] AMD Ryzen 3 2200G 3.5GHz, 8GB DDR4 Ram, 240GB SSD Oyun Bilgisayarı(WİFİ HEDİYELİ) 
2021-11-27 01:24:05,560 INFO  [log] Paranız %100 GittiGidiyor Güvencesi Altındadır. 
2021-11-27 01:24:05,878 INFO  [log] Çerezler popup kapatıldı. 
2021-11-27 01:24:05,950 INFO  [log] sepete eklendi 
2021-11-27 01:24:07,965 INFO  [log] sepetim tolltip açıldı 
2021-11-27 01:24:09,109 INFO  [log] sepete git tıklandı 
2021-11-27 01:24:09,222 INFO  [log] 5.707,41 TL 
2021-11-27 01:24:09,222 INFO  [log] Ürün fiyatı: 5.707,41 TLsepetteki fiyatı: 5.707,41 TLkontrol başarılı 
2021-11-27 01:29:16,581 INFO  [log] sdsad 
2021-11-27 01:29:23,692 INFO  [log] Hakkımızda 
2021-11-27 01:29:24,539 INFO  [log] 2.sayfa tıklanır. 
2021-11-27 01:29:31,482 INFO  [log] sepete ürün eklendi. 
2021-11-27 01:29:33,509 INFO  [log] 5.707,41 TL 
2021-11-27 01:29:33,531 INFO  [log] AMD Ryzen 3 2200G 3.5GHz, 8GB DDR4 Ram, 240GB SSD Oyun Bilgisayarı(WİFİ HEDİYELİ) 
2021-11-27 01:29:35,563 INFO  [log] Paranız %100 GittiGidiyor Güvencesi Altındadır. 
2021-11-27 01:29:35,871 INFO  [log] Çerezler popup kapatıldı. 
2021-11-27 01:29:35,940 INFO  [log] sepete eklendi 
2021-11-27 01:29:37,957 INFO  [log] sepetim tolltip açıldı 
2021-11-27 01:29:39,833 INFO  [log] sepete git tıklandı 
2021-11-27 01:29:39,949 INFO  [log] 5.707,41 TL 
2021-11-27 01:29:39,950 INFO  [log] Ürün fiyatı: 5.707,41 TLsepetteki fiyatı: 5.707,41 TLkontrol başarılı 
2021-11-27 01:30:44,698 INFO  [log] sdsad 
2021-11-27 01:30:51,827 INFO  [log] Hakkımızda 
2021-11-27 01:30:52,636 INFO  [log] 2.sayfa tıklanır. 
2021-11-27 01:30:57,621 INFO  [log] sepete ürün eklendi. 
2021-11-27 01:30:59,653 INFO  [log] 5.707,41 TL 
2021-11-27 01:30:59,676 INFO  [log] AMD Ryzen 3 2200G 3.5GHz, 8GB DDR4 Ram, 240GB SSD Oyun Bilgisayarı(WİFİ HEDİYELİ) 
2021-11-27 01:31:01,707 INFO  [log] Paranız %100 GittiGidiyor Güvencesi Altındadır. 
2021-11-27 01:31:02,026 INFO  [log] Çerezler popup kapatıldı. 
2021-11-27 01:31:02,095 INFO  [log] sepete eklendi 
2021-11-27 01:31:04,119 INFO  [log] sepetim tolltip açıldı 
2021-11-27 01:31:05,648 INFO  [log] sepete git tıklandı 
2021-11-27 01:31:05,762 INFO  [log] 5.707,41 TL 
2021-11-27 01:31:05,763 INFO  [log] Ürün fiyatı: 5.707,41 TLsepetteki fiyatı: 5.707,41 TLkontrol başarılı 
2021-11-27 01:32:14,043 INFO  [log] sdsad 
2021-11-27 01:32:21,167 INFO  [log] Hakkımızda 
2021-11-27 01:32:21,924 INFO  [log] 2.sayfa tıklanır. 
2021-11-27 01:32:26,619 INFO  [log] sepete ürün eklendi. 
2021-11-27 01:32:28,648 INFO  [log] 5.707,41 TL 
2021-11-27 01:32:28,671 INFO  [log] AMD Ryzen 3 2200G 3.5GHz, 8GB DDR4 Ram, 240GB SSD Oyun Bilgisayarı(WİFİ HEDİYELİ) 
2021-11-27 01:32:30,698 INFO  [log] Paranız %100 GittiGidiyor Güvencesi Altındadır. 
2021-11-27 01:32:31,048 INFO  [log] Çerezler popup kapatıldı. 
2021-11-27 01:32:31,116 INFO  [log] sepete eklendi 
2021-11-27 01:32:33,130 INFO  [log] sepetim tolltip açıldı 
2021-11-27 01:32:34,773 INFO  [log] sepete git tıklandı 
2021-11-27 01:32:34,880 INFO  [log] 5.707,41 TL 
2021-11-27 01:32:34,880 INFO  [log] Ürün fiyatı: 5.707,41 TLsepetteki fiyatı: 5.707,41 TLkontrol başarılı 
2021-11-27 01:33:19,476 INFO  [log] sdsad 
2021-11-27 01:33:26,573 INFO  [log] Hakkımızda 
2021-11-27 01:33:27,288 INFO  [log] 2.sayfa tıklanır. 
2021-11-27 01:33:34,765 INFO  [log] sepete ürün eklendi. 
2021-11-27 01:33:36,796 INFO  [log] 5.707,41 TL 
2021-11-27 01:33:36,818 INFO  [log] AMD Ryzen 3 2200G 3.5GHz, 8GB DDR4 Ram, 240GB SSD Oyun Bilgisayarı(WİFİ HEDİYELİ) 
2021-11-27 01:33:38,845 INFO  [log] Paranız %100 GittiGidiyor Güvencesi Altındadır. 
2021-11-27 01:33:39,145 INFO  [log] Çerezler popup kapatıldı. 
2021-11-27 01:33:39,235 INFO  [log] sepete eklendi 
2021-11-27 01:33:41,251 INFO  [log] sepetim tolltip açıldı 
2021-11-27 01:33:43,123 INFO  [log] sepete git tıklandı 
2021-11-27 01:33:43,224 INFO  [log] 5.707,41 TL 
2021-11-27 01:33:43,225 INFO  [log] Ürün fiyatı: 5.707,41 TLsepetteki fiyatı: 5.707,41 TLkontrol başarılı 
2021-11-27 01:33:45,419 INFO  [log]                  1
                 2
                 3
                 4
                       
2021-11-27 01:36:51,085 INFO  [log] sdsad 
2021-11-27 01:36:58,181 INFO  [log] Hakkımızda 
2021-11-27 01:36:58,987 INFO  [log] 2.sayfa tıklanır. 
2021-11-27 01:37:03,347 INFO  [log] sepete ürün eklendi. 
2021-11-27 01:37:05,375 INFO  [log] 5.707,41 TL 
2021-11-27 01:37:05,399 INFO  [log] AMD Ryzen 3 2200G 3.5GHz, 8GB DDR4 Ram, 240GB SSD Oyun Bilgisayarı(WİFİ HEDİYELİ) 
2021-11-27 01:37:07,425 INFO  [log] Paranız %100 GittiGidiyor Güvencesi Altındadır. 
2021-11-27 01:37:07,753 INFO  [log] Çerezler popup kapatıldı. 
2021-11-27 01:37:07,818 INFO  [log] sepete eklendi 
2021-11-27 01:37:09,832 INFO  [log] sepetim tolltip açıldı 
2021-11-27 01:37:11,173 INFO  [log] sepete git tıklandı 
2021-11-27 01:37:11,286 INFO  [log] 5.707,41 TL 
2021-11-27 01:37:11,286 INFO  [log] Ürün fiyatı: 5.707,41 TLsepetteki fiyatı: 5.707,41 TLkontrol başarılı 
2021-11-27 01:37:13,487 INFO  [log] 2 
2021-11-27 01:42:44,244 INFO  [log] sdsad 
2021-11-27 01:42:51,347 INFO  [log] Hakkımızda 
2021-11-27 01:42:52,054 INFO  [log] 2.sayfa tıklanır. 
2021-11-27 01:42:56,103 INFO  [log] sepete ürün eklendi. 
2021-11-27 01:42:58,133 INFO  [log] 5.707,41 TL 
2021-11-27 01:42:58,155 INFO  [log] AMD Ryzen 3 2200G 3.5GHz, 8GB DDR4 Ram, 240GB SSD Oyun Bilgisayarı(WİFİ HEDİYELİ) 
2021-11-27 01:43:00,184 INFO  [log] Paranız %100 GittiGidiyor Güvencesi Altındadır. 
2021-11-27 01:43:00,521 INFO  [log] Çerezler popup kapatıldı. 
2021-11-27 01:43:00,591 INFO  [log] sepete eklendi 
2021-11-27 01:43:02,607 INFO  [log] sepetim tolltip açıldı 
2021-11-27 01:43:04,335 INFO  [log] sepete git tıklandı 
2021-11-27 01:43:04,443 INFO  [log] 5.707,41 TL 
2021-11-27 01:43:04,444 INFO  [log] Ürün fiyatı: 5.707,41 TLsepetteki fiyatı: 5.707,41 TLkontrol başarılı 
2021-11-27 01:43:06,658 INFO  [log] 2 
2021-11-27 01:43:06,658 INFO  [log] sepetteki ürün sayısı: 2sepetteki ürün sayısı bir artırıldıktan sonra: 2kontrol başarılı 
2021-11-27 01:43:06,713 INFO  [log] silindi. 
2021-11-27 01:47:43,775 INFO  [log] sdsad 
2021-11-27 01:47:50,872 INFO  [log] Hakkımızda 
2021-11-27 01:47:51,560 INFO  [log] 2.sayfa tıklanır. 
2021-11-27 01:47:55,890 INFO  [log] sepete ürün eklendi. 
2021-11-27 01:47:57,919 INFO  [log] 5.707,41 TL 
2021-11-27 01:47:57,942 INFO  [log] AMD Ryzen 3 2200G 3.5GHz, 8GB DDR4 Ram, 240GB SSD Oyun Bilgisayarı(WİFİ HEDİYELİ) 
2021-11-27 01:47:59,970 INFO  [log] Paranız %100 GittiGidiyor Güvencesi Altındadır. 
2021-11-27 01:48:00,308 INFO  [log] Çerezler popup kapatıldı. 
2021-11-27 01:48:00,390 INFO  [log] sepete eklendi 
2021-11-27 01:48:02,408 INFO  [log] sepetim tolltip açıldı 
2021-11-27 01:48:04,013 INFO  [log] sepete git tıklandı 
2021-11-27 01:48:04,126 INFO  [log] 5.707,41 TL 
2021-11-27 01:48:04,127 INFO  [log] Ürün fiyatı: 5.707,41 TLsepetteki fiyatı: 5.707,41 TLkontrol başarılı 
2021-11-27 01:48:06,350 INFO  [log] 2 
2021-11-27 01:48:06,351 INFO  [log] sepetteki ürün sayısı: 2sepetteki ürün sayısı bir artırıldıktan sonra: 2kontrol başarılı 
2021-11-27 01:48:06,402 INFO  [log] silindi. 
2021-11-27 01:48:06,425 INFO  [log] beklenen mesaj: Sepetinizde ürün bulunmamaktadır.ekrandaki mesaj Sepetinizde ürün bulunmamaktadır.kontrol başarılı 
